<?xml version="1.0" encoding="UTF-8" ?>
<testsuite tests="13" failures="0" name="com.ant.antool.EncryptToolTest" time="0.688" errors="0" skipped="0">
  <properties>
    <property name="java.runtime.name" value="Java(TM) SE Runtime Environment"/>
    <property name="sun.boot.library.path" value="D:\Work\Java\jdk1.8.0_191\jre\bin"/>
    <property name="java.vm.version" value="25.191-b12"/>
    <property name="java.vm.vendor" value="Oracle Corporation"/>
    <property name="maven.multiModuleProjectDirectory" value="E:/Documents/workspace/MyProject/antool"/>
    <property name="java.vendor.url" value="http://java.oracle.com/"/>
    <property name="path.separator" value=";"/>
    <property name="guice.disable.misplaced.annotation.check" value="true"/>
    <property name="java.vm.name" value="Java HotSpot(TM) 64-Bit Server VM"/>
    <property name="file.encoding.pkg" value="sun.io"/>
    <property name="user.script" value=""/>
    <property name="user.country" value="CN"/>
    <property name="sun.java.launcher" value="SUN_STANDARD"/>
    <property name="sun.os.patch.level" value=""/>
    <property name="java.vm.specification.name" value="Java Virtual Machine Specification"/>
    <property name="user.dir" value="E:\Documents\workspace\MyProject\antool"/>
    <property name="java.runtime.version" value="1.8.0_191-b12"/>
    <property name="java.awt.graphicsenv" value="sun.awt.Win32GraphicsEnvironment"/>
    <property name="java.endorsed.dirs" value="D:\Work\Java\jdk1.8.0_191\jre\lib\endorsed"/>
    <property name="os.arch" value="amd64"/>
    <property name="java.io.tmpdir" value="C:\Users\13119\AppData\Local\Temp\"/>
    <property name="line.separator" value="
"/>
    <property name="java.vm.specification.vendor" value="Oracle Corporation"/>
    <property name="user.variant" value=""/>
    <property name="os.name" value="Windows 10"/>
    <property name="classworlds.conf" value="D:/Work/apache-maven-3.6.0/bin/m2.conf"/>
    <property name="sun.jnu.encoding" value="GBK"/>
    <property name="java.library.path" value="D:\Work\Java\jdk1.8.0_191\bin;C:\Windows\Sun\Java\bin;C:\Windows\system32;C:\Windows;D:\Work\Git\mingw64\bin;D:\Work\Git\usr\bin;C:\Users\13119\bin;D:\Work\Java\jdk1.8.0_191\bin;C:\Program Files (x86)\Common Files\Oracle\Java\javapath;C:\Windows\system32;C:\Windows;C:\Windows\System32\Wbem;C:\Windows\System32\WindowsPowerShell\v1.0;C:\Windows\System32\OpenSSH;C:\Program Files\Intel\WiFi\bin;C:\Program Files\Common Files\Intel\WirelessCommon;C:\Program Files (x86)\NVIDIA Corporation\PhysX\Common;D:\Work\nodejs;D:\Work\apache-maven-3.6.0\bin;D:\Work\gradle-2.0\bin;D:\Work\VisualSVN Server\bin;D:\Work\TortoiseSVN\bin;C:\Program Files (x86)\Windows Kits\8.1\Windows Performance Toolkit;C:\Program Files\Microsoft SQL Server\110\Tools\Binn;D:\Work\Python\Scripts;D:\Work\Python;C:\Users\13119\AppData\Local\Microsoft\WindowsApps;C:\Program Files\Intel\WiFi\bin;C:\Program Files\Common Files\Intel\WirelessCommon;C:\Users\13119\AppData\Roaming\npm;D:\tools\Fiddler;D:\Work\Microsoft VS Code\bin;."/>
    <property name="maven.conf" value="D:/Work/apache-maven-3.6.0/conf"/>
    <property name="java.specification.name" value="Java Platform API Specification"/>
    <property name="java.class.version" value="52.0"/>
    <property name="sun.management.compiler" value="HotSpot 64-Bit Tiered Compilers"/>
    <property name="os.version" value="10.0"/>
    <property name="library.jansi.path" value="D:/Work/apache-maven-3.6.0/lib/jansi-native"/>
    <property name="user.home" value="C:\Users\13119"/>
    <property name="user.timezone" value="Asia/Shanghai"/>
    <property name="java.awt.printerjob" value="sun.awt.windows.WPrinterJob"/>
    <property name="java.specification.version" value="1.8"/>
    <property name="file.encoding" value="GBK"/>
    <property name="user.name" value="13119"/>
    <property name="java.class.path" value="D:/Work/apache-maven-3.6.0/boot/plexus-classworlds-2.5.2.jar"/>
    <property name="java.vm.specification.version" value="1.8"/>
    <property name="sun.arch.data.model" value="64"/>
    <property name="java.home" value="D:\Work\Java\jdk1.8.0_191\jre"/>
    <property name="sun.java.command" value="org.codehaus.plexus.classworlds.launcher.Launcher deploy"/>
    <property name="java.specification.vendor" value="Oracle Corporation"/>
    <property name="user.language" value="zh"/>
    <property name="awt.toolkit" value="sun.awt.windows.WToolkit"/>
    <property name="java.vm.info" value="mixed mode"/>
    <property name="java.version" value="1.8.0_191"/>
    <property name="java.ext.dirs" value="D:\Work\Java\jdk1.8.0_191\jre\lib\ext;C:\Windows\Sun\Java\lib\ext"/>
    <property name="sun.boot.class.path" value="D:\Work\Java\jdk1.8.0_191\jre\lib\resources.jar;D:\Work\Java\jdk1.8.0_191\jre\lib\rt.jar;D:\Work\Java\jdk1.8.0_191\jre\lib\sunrsasign.jar;D:\Work\Java\jdk1.8.0_191\jre\lib\jsse.jar;D:\Work\Java\jdk1.8.0_191\jre\lib\jce.jar;D:\Work\Java\jdk1.8.0_191\jre\lib\charsets.jar;D:\Work\Java\jdk1.8.0_191\jre\lib\jfr.jar;D:\Work\Java\jdk1.8.0_191\jre\classes"/>
    <property name="sun.stderr.encoding" value="ms936"/>
    <property name="java.vendor" value="Oracle Corporation"/>
    <property name="maven.home" value="D:\Work\apache-maven-3.6.0"/>
    <property name="file.separator" value="\"/>
    <property name="java.vendor.url.bug" value="http://bugreport.sun.com/bugreport/"/>
    <property name="sun.cpu.endian" value="little"/>
    <property name="sun.io.unicode.encoding" value="UnicodeLittle"/>
    <property name="sun.stdout.encoding" value="ms936"/>
    <property name="sun.desktop" value="windows"/>
    <property name="sun.cpu.isalist" value="amd64"/>
  </properties>
  <testcase classname="com.ant.antool.EncryptToolTest" name="XORdecode" time="0.002"/>
  <testcase classname="com.ant.antool.EncryptToolTest" name="XORencode" time="0.002"/>
  <testcase classname="com.ant.antool.EncryptToolTest" name="base64Decode" time="0"/>
  <testcase classname="com.ant.antool.EncryptToolTest" name="base64Encode" time="0"/>
  <testcase classname="com.ant.antool.EncryptToolTest" name="MD5" time="0.009"/>
  <testcase classname="com.ant.antool.EncryptToolTest" name="XOR" time="0"/>
  <testcase classname="com.ant.antool.EncryptToolTest" name="MD51" time="0.578"/>
  <testcase classname="com.ant.antool.EncryptToolTest" name="SHA1" time="0.001"/>
  <testcase classname="com.ant.antool.EncryptToolTest" name="SHA11" time="0.003"/>
  <testcase classname="com.ant.antool.EncryptToolTest" name="DESdecode" time="0.011"/>
  <testcase classname="com.ant.antool.EncryptToolTest" name="DESencode" time="0.001"/>
  <testcase classname="com.ant.antool.EncryptToolTest" name="AESdecode" time="0.079"/>
  <testcase classname="com.ant.antool.EncryptToolTest" name="AESencode" time="0.002"/>
</testsuite>